[0.015s] Invoking command in '/home/james/ros2_projects/ros2_control_demo/build/my_robot_description': CMAKE_PREFIX_PATH=${CMAKE_PREFIX_PATH}:/home/james/ros2_ws/install/python_package:/opt/ros/humble /usr/bin/cmake /home/james/ros2_projects/ros2_control_demo/src/my_robot_description -DCMAKE_EXPORT_COMPILE_COMMANDS=ON -DCMAKE_INSTALL_PREFIX=/home/james/ros2_projects/ros2_control_demo/install/my_robot_description
[0.057s] -- Found ament_cmake: 1.3.12 (/opt/ros/humble/share/ament_cmake/cmake)
[0.231s] -- Configuring done
[0.239s] -- Generating done
[0.240s] [33mCMake Warning:
[0.240s]   Manually-specified variables were not used by the project:
[0.240s] 
[0.240s]     CMAKE_EXPORT_COMPILE_COMMANDS
[0.240s] 
[0.240s] [0m
[0.241s] -- Build files have been written to: /home/james/ros2_projects/ros2_control_demo/build/my_robot_description
[0.246s] Invoked command in '/home/james/ros2_projects/ros2_control_demo/build/my_robot_description' returned '0': CMAKE_PREFIX_PATH=${CMAKE_PREFIX_PATH}:/home/james/ros2_ws/install/python_package:/opt/ros/humble /usr/bin/cmake /home/james/ros2_projects/ros2_control_demo/src/my_robot_description -DCMAKE_EXPORT_COMPILE_COMMANDS=ON -DCMAKE_INSTALL_PREFIX=/home/james/ros2_projects/ros2_control_demo/install/my_robot_description
[0.248s] Invoking command in '/home/james/ros2_projects/ros2_control_demo/build/my_robot_description': CMAKE_PREFIX_PATH=${CMAKE_PREFIX_PATH}:/home/james/ros2_ws/install/python_package:/opt/ros/humble /usr/bin/cmake --build /home/james/ros2_projects/ros2_control_demo/build/my_robot_description -- -j20 -l20
[0.277s] Invoked command in '/home/james/ros2_projects/ros2_control_demo/build/my_robot_description' returned '0': CMAKE_PREFIX_PATH=${CMAKE_PREFIX_PATH}:/home/james/ros2_ws/install/python_package:/opt/ros/humble /usr/bin/cmake --build /home/james/ros2_projects/ros2_control_demo/build/my_robot_description -- -j20 -l20
[0.289s] Invoking command in '/home/james/ros2_projects/ros2_control_demo/build/my_robot_description': CMAKE_PREFIX_PATH=${CMAKE_PREFIX_PATH}:/home/james/ros2_ws/install/python_package:/opt/ros/humble /usr/bin/cmake --install /home/james/ros2_projects/ros2_control_demo/build/my_robot_description
[0.294s] -- Install configuration: ""
[0.294s] -- Up-to-date: /home/james/ros2_projects/ros2_control_demo/install/my_robot_description/share/my_robot_description//urdf
[0.295s] -- Up-to-date: /home/james/ros2_projects/ros2_control_demo/install/my_robot_description/share/my_robot_description//urdf/common_properties.xacro:Zone.Identifier
[0.295s] -- Up-to-date: /home/james/ros2_projects/ros2_control_demo/install/my_robot_description/share/my_robot_description//urdf/my_robot.urdf.xacro
[0.295s] -- Up-to-date: /home/james/ros2_projects/ros2_control_demo/install/my_robot_description/share/my_robot_description//urdf/my_robot.urdf.xacro:Zone.Identifier
[0.296s] -- Up-to-date: /home/james/ros2_projects/ros2_control_demo/install/my_robot_description/share/my_robot_description//urdf/mobile_base.xacro
[0.296s] -- Up-to-date: /home/james/ros2_projects/ros2_control_demo/install/my_robot_description/share/my_robot_description//urdf/common_properties.xacro
[0.296s] -- Up-to-date: /home/james/ros2_projects/ros2_control_demo/install/my_robot_description/share/my_robot_description//urdf/mobile_base.xacro:Zone.Identifier
[0.296s] -- Up-to-date: /home/james/ros2_projects/ros2_control_demo/install/my_robot_description/share/my_robot_description//launch
[0.296s] -- Up-to-date: /home/james/ros2_projects/ros2_control_demo/install/my_robot_description/share/my_robot_description//launch/display.launch.xml:Zone.Identifier
[0.296s] -- Up-to-date: /home/james/ros2_projects/ros2_control_demo/install/my_robot_description/share/my_robot_description//launch/display.launch.py:Zone.Identifier
[0.297s] -- Up-to-date: /home/james/ros2_projects/ros2_control_demo/install/my_robot_description/share/my_robot_description//launch/display.launch.xml
[0.297s] -- Up-to-date: /home/james/ros2_projects/ros2_control_demo/install/my_robot_description/share/my_robot_description//launch/display.launch.py
[0.297s] -- Up-to-date: /home/james/ros2_projects/ros2_control_demo/install/my_robot_description/share/my_robot_description//rviz
[0.297s] -- Up-to-date: /home/james/ros2_projects/ros2_control_demo/install/my_robot_description/share/my_robot_description//rviz/urdf_config.rviz
[0.297s] -- Up-to-date: /home/james/ros2_projects/ros2_control_demo/install/my_robot_description/share/my_robot_description//rviz/urdf_config.rviz:Zone.Identifier
[0.297s] -- Up-to-date: /home/james/ros2_projects/ros2_control_demo/install/my_robot_description/share/ament_index/resource_index/package_run_dependencies/my_robot_description
[0.297s] -- Up-to-date: /home/james/ros2_projects/ros2_control_demo/install/my_robot_description/share/ament_index/resource_index/parent_prefix_path/my_robot_description
[0.297s] -- Up-to-date: /home/james/ros2_projects/ros2_control_demo/install/my_robot_description/share/my_robot_description/environment/ament_prefix_path.sh
[0.297s] -- Installing: /home/james/ros2_projects/ros2_control_demo/install/my_robot_description/share/my_robot_description/environment/ament_prefix_path.dsv
[0.298s] -- Up-to-date: /home/james/ros2_projects/ros2_control_demo/install/my_robot_description/share/my_robot_description/environment/path.sh
[0.298s] -- Installing: /home/james/ros2_projects/ros2_control_demo/install/my_robot_description/share/my_robot_description/environment/path.dsv
[0.298s] -- Up-to-date: /home/james/ros2_projects/ros2_control_demo/install/my_robot_description/share/my_robot_description/local_setup.bash
[0.298s] -- Up-to-date: /home/james/ros2_projects/ros2_control_demo/install/my_robot_description/share/my_robot_description/local_setup.sh
[0.299s] -- Up-to-date: /home/james/ros2_projects/ros2_control_demo/install/my_robot_description/share/my_robot_description/local_setup.zsh
[0.299s] -- Installing: /home/james/ros2_projects/ros2_control_demo/install/my_robot_description/share/my_robot_description/local_setup.dsv
[0.299s] -- Installing: /home/james/ros2_projects/ros2_control_demo/install/my_robot_description/share/my_robot_description/package.dsv
[0.300s] -- Up-to-date: /home/james/ros2_projects/ros2_control_demo/install/my_robot_description/share/ament_index/resource_index/packages/my_robot_description
[0.300s] -- Up-to-date: /home/james/ros2_projects/ros2_control_demo/install/my_robot_description/share/my_robot_description/cmake/my_robot_descriptionConfig.cmake
[0.300s] -- Up-to-date: /home/james/ros2_projects/ros2_control_demo/install/my_robot_description/share/my_robot_description/cmake/my_robot_descriptionConfig-version.cmake
[0.300s] -- Up-to-date: /home/james/ros2_projects/ros2_control_demo/install/my_robot_description/share/my_robot_description/package.xml
[0.302s] Invoked command in '/home/james/ros2_projects/ros2_control_demo/build/my_robot_description' returned '0': CMAKE_PREFIX_PATH=${CMAKE_PREFIX_PATH}:/home/james/ros2_ws/install/python_package:/opt/ros/humble /usr/bin/cmake --install /home/james/ros2_projects/ros2_control_demo/build/my_robot_description
