[0.030s] Invoking command in '/home/james/ros2_projects/ros2_control_demo/build/my_robot_description': CMAKE_PREFIX_PATH=${CMAKE_PREFIX_PATH}:/home/james/ros2_ws/install/python_package:/opt/ros/humble /usr/bin/cmake /home/james/ros2_projects/ros2_control_demo/src/my_robot_description -DCMAKE_INSTALL_PREFIX=/home/james/ros2_projects/ros2_control_demo/install/my_robot_description
[0.370s] -- The C compiler identification is GNU 11.4.0
[0.919s] -- The CXX compiler identification is GNU 11.4.0
[1.296s] -- Detecting C compiler ABI info
[1.460s] -- Detecting C compiler ABI info - done
[1.464s] -- Check for working C compiler: /usr/bin/cc - skipped
[1.464s] -- Detecting C compile features
[1.465s] -- Detecting C compile features - done
[1.469s] -- Detecting CXX compiler ABI info
[1.611s] -- Detecting CXX compiler ABI info - done
[1.616s] -- Check for working CXX compiler: /usr/bin/c++ - skipped
[1.616s] -- Detecting CXX compile features
[1.617s] -- Detecting CXX compile features - done
[1.632s] -- Found ament_cmake: 1.3.12 (/opt/ros/humble/share/ament_cmake/cmake)
[1.740s] -- Found Python3: /usr/bin/python3 (found version "3.10.12") found components: Interpreter 
[1.893s] -- Configuring done
[1.897s] -- Generating done
[1.898s] -- Build files have been written to: /home/james/ros2_projects/ros2_control_demo/build/my_robot_description
[1.902s] Invoked command in '/home/james/ros2_projects/ros2_control_demo/build/my_robot_description' returned '0': CMAKE_PREFIX_PATH=${CMAKE_PREFIX_PATH}:/home/james/ros2_ws/install/python_package:/opt/ros/humble /usr/bin/cmake /home/james/ros2_projects/ros2_control_demo/src/my_robot_description -DCMAKE_INSTALL_PREFIX=/home/james/ros2_projects/ros2_control_demo/install/my_robot_description
[1.904s] Invoking command in '/home/james/ros2_projects/ros2_control_demo/build/my_robot_description': CMAKE_PREFIX_PATH=${CMAKE_PREFIX_PATH}:/home/james/ros2_ws/install/python_package:/opt/ros/humble /usr/bin/cmake --build /home/james/ros2_projects/ros2_control_demo/build/my_robot_description -- -j20 -l20
[1.934s] Invoked command in '/home/james/ros2_projects/ros2_control_demo/build/my_robot_description' returned '0': CMAKE_PREFIX_PATH=${CMAKE_PREFIX_PATH}:/home/james/ros2_ws/install/python_package:/opt/ros/humble /usr/bin/cmake --build /home/james/ros2_projects/ros2_control_demo/build/my_robot_description -- -j20 -l20
[1.941s] Invoking command in '/home/james/ros2_projects/ros2_control_demo/build/my_robot_description': CMAKE_PREFIX_PATH=${CMAKE_PREFIX_PATH}:/home/james/ros2_ws/install/python_package:/opt/ros/humble /usr/bin/cmake --install /home/james/ros2_projects/ros2_control_demo/build/my_robot_description
[1.946s] -- Install configuration: ""
[1.946s] -- Installing: /home/james/ros2_projects/ros2_control_demo/install/my_robot_description/share/my_robot_description//urdf
[1.947s] -- Installing: /home/james/ros2_projects/ros2_control_demo/install/my_robot_description/share/my_robot_description//urdf/common_properties.xacro:Zone.Identifier
[1.947s] -- Installing: /home/james/ros2_projects/ros2_control_demo/install/my_robot_description/share/my_robot_description//urdf/my_robot.urdf.xacro
[1.947s] -- Installing: /home/james/ros2_projects/ros2_control_demo/install/my_robot_description/share/my_robot_description//urdf/my_robot.urdf.xacro:Zone.Identifier
[1.948s] -- Installing: /home/james/ros2_projects/ros2_control_demo/install/my_robot_description/share/my_robot_description//urdf/mobile_base.xacro
[1.948s] -- Installing: /home/james/ros2_projects/ros2_control_demo/install/my_robot_description/share/my_robot_description//urdf/common_properties.xacro
[1.948s] -- Installing: /home/james/ros2_projects/ros2_control_demo/install/my_robot_description/share/my_robot_description//urdf/mobile_base.xacro:Zone.Identifier
[1.948s] -- Installing: /home/james/ros2_projects/ros2_control_demo/install/my_robot_description/share/my_robot_description//launch
[1.948s] -- Installing: /home/james/ros2_projects/ros2_control_demo/install/my_robot_description/share/my_robot_description//launch/display.launch.xml:Zone.Identifier
[1.948s] -- Installing: /home/james/ros2_projects/ros2_control_demo/install/my_robot_description/share/my_robot_description//launch/display.launch.py:Zone.Identifier
[1.948s] -- Installing: /home/james/ros2_projects/ros2_control_demo/install/my_robot_description/share/my_robot_description//launch/display.launch.xml
[1.949s] -- Installing: /home/james/ros2_projects/ros2_control_demo/install/my_robot_description/share/my_robot_description//launch/display.launch.py
[1.949s] -- Installing: /home/james/ros2_projects/ros2_control_demo/install/my_robot_description/share/my_robot_description//rviz
[1.949s] -- Installing: /home/james/ros2_projects/ros2_control_demo/install/my_robot_description/share/my_robot_description//rviz/urdf_config.rviz
[1.949s] -- Installing: /home/james/ros2_projects/ros2_control_demo/install/my_robot_description/share/my_robot_description//rviz/urdf_config.rviz:Zone.Identifier
[1.949s] -- Installing: /home/james/ros2_projects/ros2_control_demo/install/my_robot_description/share/ament_index/resource_index/package_run_dependencies/my_robot_description
[1.950s] -- Installing: /home/james/ros2_projects/ros2_control_demo/install/my_robot_description/share/ament_index/resource_index/parent_prefix_path/my_robot_description
[1.950s] -- Installing: /home/james/ros2_projects/ros2_control_demo/install/my_robot_description/share/my_robot_description/environment/ament_prefix_path.sh
[1.950s] -- Installing: /home/james/ros2_projects/ros2_control_demo/install/my_robot_description/share/my_robot_description/environment/ament_prefix_path.dsv
[1.950s] -- Installing: /home/james/ros2_projects/ros2_control_demo/install/my_robot_description/share/my_robot_description/environment/path.sh
[1.950s] -- Installing: /home/james/ros2_projects/ros2_control_demo/install/my_robot_description/share/my_robot_description/environment/path.dsv
[1.951s] -- Installing: /home/james/ros2_projects/ros2_control_demo/install/my_robot_description/share/my_robot_description/local_setup.bash
[1.951s] -- Installing: /home/james/ros2_projects/ros2_control_demo/install/my_robot_description/share/my_robot_description/local_setup.sh
[1.951s] -- Installing: /home/james/ros2_projects/ros2_control_demo/install/my_robot_description/share/my_robot_description/local_setup.zsh
[1.951s] -- Installing: /home/james/ros2_projects/ros2_control_demo/install/my_robot_description/share/my_robot_description/local_setup.dsv
[1.951s] -- Installing: /home/james/ros2_projects/ros2_control_demo/install/my_robot_description/share/my_robot_description/package.dsv
[1.951s] -- Installing: /home/james/ros2_projects/ros2_control_demo/install/my_robot_description/share/ament_index/resource_index/packages/my_robot_description
[1.952s] -- Installing: /home/james/ros2_projects/ros2_control_demo/install/my_robot_description/share/my_robot_description/cmake/my_robot_descriptionConfig.cmake
[1.952s] -- Installing: /home/james/ros2_projects/ros2_control_demo/install/my_robot_description/share/my_robot_description/cmake/my_robot_descriptionConfig-version.cmake
[1.952s] -- Installing: /home/james/ros2_projects/ros2_control_demo/install/my_robot_description/share/my_robot_description/package.xml
[1.954s] Invoked command in '/home/james/ros2_projects/ros2_control_demo/build/my_robot_description' returned '0': CMAKE_PREFIX_PATH=${CMAKE_PREFIX_PATH}:/home/james/ros2_ws/install/python_package:/opt/ros/humble /usr/bin/cmake --install /home/james/ros2_projects/ros2_control_demo/build/my_robot_description
